\BOOKMARK [1][-]{section.1}{Introducci\363n}{}% 1
\BOOKMARK [1][-]{section.2}{WxCam}{}% 2
\BOOKMARK [2][-]{subsection.2.1}{El proyecto}{section.2}% 3
\BOOKMARK [2][-]{subsection.2.2}{Plataforma}{section.2}% 4
\BOOKMARK [2][-]{subsection.2.3}{Filtros}{section.2}% 5
\BOOKMARK [1][-]{section.3}{Desarrollo}{}% 6
\BOOKMARK [2][-]{subsection.3.1}{General}{section.3}% 7
\BOOKMARK [3][-]{subsubsection.3.1.1}{Vertical Mirror}{subsection.3.1}% 8
\BOOKMARK [3][-]{subsubsection.3.1.2}{Negative}{subsection.3.1}% 9
\BOOKMARK [3][-]{subsubsection.3.1.3}{Stretch \(zoom x2\)}{subsection.3.1}% 10
\BOOKMARK [3][-]{subsubsection.3.1.4}{Edge \(Sobel + colores\)}{subsection.3.1}% 11
\BOOKMARK [3][-]{subsubsection.3.1.5}{Bona \(distancia a un color\)}{subsection.3.1}% 12
\BOOKMARK [3][-]{subsubsection.3.1.6}{Pixelate}{subsection.3.1}% 13
\BOOKMARK [3][-]{subsubsection.3.1.7}{Instagram}{subsection.3.1}% 14
\BOOKMARK [3][-]{subsubsection.3.1.8}{Monochrome}{subsection.3.1}% 15
\BOOKMARK [3][-]{subsubsection.3.1.9}{Channel}{subsection.3.1}% 16
\BOOKMARK [3][-]{subsubsection.3.1.10}{Median}{subsection.3.1}% 17
\BOOKMARK [1][-]{section.4}{Resultados}{}% 18
\BOOKMARK [1][-]{section.5}{Discusi\363n}{}% 19
\BOOKMARK [2][-]{subsection.5.1}{Problemas encontrados}{section.5}% 20
\BOOKMARK [2][-]{subsection.5.2}{Performance de los filtros}{section.5}% 21
\BOOKMARK [2][-]{subsection.5.3}{Las condiciones de testing}{section.5}% 22
\BOOKMARK [1][-]{section.6}{Referencias}{}% 23
\BOOKMARK [1][-]{section.7}{Ap\351ndice}{}% 24
\BOOKMARK [2][-]{subsection.7.1}{C\363digo SSE}{section.7}% 25
\BOOKMARK [3][-]{subsubsection.7.1.1}{Vertical Mirror}{subsection.7.1}% 26
\BOOKMARK [3][-]{subsubsection.7.1.2}{Negative}{subsection.7.1}% 27
\BOOKMARK [3][-]{subsubsection.7.1.3}{Stretch}{subsection.7.1}% 28
\BOOKMARK [3][-]{subsubsection.7.1.4}{Edge}{subsection.7.1}% 29
\BOOKMARK [3][-]{subsubsection.7.1.5}{Bona}{subsection.7.1}% 30
\BOOKMARK [3][-]{subsubsection.7.1.6}{Pixelate}{subsection.7.1}% 31
\BOOKMARK [3][-]{subsubsection.7.1.7}{Instagram}{subsection.7.1}% 32
\BOOKMARK [3][-]{subsubsection.7.1.8}{Monochrome}{subsection.7.1}% 33
\BOOKMARK [3][-]{subsubsection.7.1.9}{Channel}{subsection.7.1}% 34
\BOOKMARK [3][-]{subsubsection.7.1.10}{Median}{subsection.7.1}% 35
